<?xml version="1.0" encoding="UTF-8"?>
<!-- Generated by org.testng.reporters.JUnitReportReporter -->
<testsuite hostname="DESKTOP-NNVPRS8" failures="0" tests="3" name="com.registration.Main.RegistrationMain" time="51.706" errors="0" timestamp="2022-10-12T13:51:36 IST" skipped="0">
  <testcase classname="com.registration.Main.RegistrationMain" name="usertest1" time="14.964"/>
  <system-out/>
  <testcase classname="com.registration.Main.RegistrationMain" name="usertest1" time="19.098"/>
  <system-out/>
  <testcase classname="com.registration.Main.RegistrationMain" name="usertest1" time="17.644"/>
  <system-out/>
</testsuite> <!-- com.registration.Main.RegistrationMain -->
