<?xml version="1.0" encoding="UTF-8"?>
<!-- Generated by org.testng.reporters.JUnitReportReporter -->
<testsuite hostname="DESKTOP-NNVPRS8" failures="0" tests="2" name="com.registration.Main.RegistrationMain" time="50.086" errors="0" timestamp="2022-10-07T14:17:07 IST" skipped="0">
  <testcase classname="com.registration.Main.RegistrationMain" name="usertest1" time="25.369"/>
  <system-out/>
  <testcase classname="com.registration.Main.RegistrationMain" name="usertest2" time="24.717"/>
  <system-out/>
</testsuite> <!-- com.registration.Main.RegistrationMain -->
