<?xml version="1.0" encoding="UTF-8"?>
<!-- Generated by org.testng.reporters.JUnitReportReporter -->
<testsuite hostname="HVTNDAL0816" failures="0" tests="1" name="execution.Execute" time="1.891" errors="0" timestamp="2022-10-08T03:29:47 IST" skipped="0">
  <testcase classname="execution.Execute" name="test1" time="1.891"/>
  <system-out/>
</testsuite> <!-- execution.Execute -->
