<?xml version="1.0" encoding="UTF-8"?>
<!-- Generated by org.testng.reporters.JUnitReportReporter -->
<testsuite hostname="HVTNDAL0816" failures="0" tests="3" name="execution.Execute" time="16.514" errors="0" timestamp="2022-10-11T18:08:08 IST" skipped="0">
  <testcase classname="execution.Execute" name="test1" time="5.869"/>
  <system-out/>
  <testcase classname="execution.Execute" name="test1" time="5.428"/>
  <system-out/>
  <testcase classname="execution.Execute" name="test1" time="5.217"/>
  <system-out/>
</testsuite> <!-- execution.Execute -->
